Generating AngularJS Reference Documentation...
module = deepLinking deps=angular-sanitize.js
module = drag deps=undefined
module = undefined deps=undefined
module = undefined deps=undefined
module = undefined deps=undefined
module = undefined deps=undefined
module = undefined deps=undefined
module = directive deps=undefined
module = undefined deps=undefined
module = timeExampleModule deps=undefined
module = undefined deps=undefined
module = undefined deps=undefined
module = undefined deps=undefined
module = undefined deps=undefined
module = undefined deps=undefined
module = undefined deps=undefined
module = undefined deps=undefined
module = undefined deps=undefined
module = undefined deps=undefined
module = ngView deps=undefined
module = undefined deps=undefined
module = undefined deps=undefined
module = ngView deps=undefined
module = customControl deps=undefined
DONE. Generated 211 pages in 5747ms.
Generating AngularJS Reference Documentation...
Generating AngularJS Reference Documentation...
DONE. Generated 211 pages in 5735ms.
Generating AngularJS Reference Documentation...
DONE. Generated 211 pages in 5858ms.
Generating AngularJS Reference Documentation...
DONE. Generated 212 pages in 5853ms.
Generating AngularJS Reference Documentation...
DONE. Generated 212 pages in 5939ms.
Generating AngularJS Reference Documentation...
DONE. Generated 212 pages in 6130ms.
Generating AngularJS Reference Documentation...
DONE. Generated 212 pages in 5967ms.
Generating AngularJS Reference Documentation...
DONE. Generated 212 pages in 5898ms.
Generating AngularJS Reference Documentation...
DONE. Generated 212 pages in 5898ms.
Generating AngularJS Reference Documentation...
DONE. Generated 212 pages in 5902ms.
Generating AngularJS Reference Documentation...
DONE. Generated 212 pages in 6191ms.
Generating AngularJS Reference Documentation...
DONE. Generated 212 pages in 6020ms.
Generating AngularJS Reference Documentation...
DONE. Generated 212 pages in 5860ms.
